2024-07-28 23:35:41,719 [Worker-3: Loading available Gradle versions] INFO  o.e.b.c.i.u.g.PublishedGradleVersions - Gradle version information cache is up-to-date. Trying to read.
2024-07-28 23:38:53,449 [Worker-11: Launching mavenrun-100dcc90-35e0-4034-bb6c-c0fac2c2f311] INFO  o.eclipse.m2e.core.internal.Bundles - getClasspathEntries(Bundle=org.eclipse.m2e.maven.runtime_3.9.700.20240602-2313 [299])
2024-07-28 23:38:53,452 [Worker-11: Launching mavenrun-100dcc90-35e0-4034-bb6c-c0fac2c2f311] INFO  o.eclipse.m2e.core.internal.Bundles - 	Entry: C:\Users\alif8\.p2\pool\plugins\org.eclipse.m2e.maven.runtime_3.9.700.20240602-2313
2024-07-28 23:38:53,453 [Worker-11: Launching mavenrun-100dcc90-35e0-4034-bb6c-c0fac2c2f311] INFO  o.eclipse.m2e.core.internal.Bundles - 	Entry: C:\Users\alif8\.p2\pool\plugins\org.eclipse.m2e.maven.runtime_3.9.700.20240602-2313\jars\aopalliance-1.0.jar
2024-07-28 23:38:53,453 [Worker-11: Launching mavenrun-100dcc90-35e0-4034-bb6c-c0fac2c2f311] INFO  o.eclipse.m2e.core.internal.Bundles - 	Entry: C:\Users\alif8\.p2\pool\plugins\org.eclipse.m2e.maven.runtime_3.9.700.20240602-2313\jars\guice-5.1.0.jar
2024-07-28 23:38:53,453 [Worker-11: Launching mavenrun-100dcc90-35e0-4034-bb6c-c0fac2c2f311] INFO  o.eclipse.m2e.core.internal.Bundles - 	Entry: C:\Users\alif8\.p2\pool\plugins\org.eclipse.m2e.maven.runtime_3.9.700.20240602-2313\jars\httpclient-4.5.14.jar
2024-07-28 23:38:53,453 [Worker-11: Launching mavenrun-100dcc90-35e0-4034-bb6c-c0fac2c2f311] INFO  o.eclipse.m2e.core.internal.Bundles - 	Entry: C:\Users\alif8\.p2\pool\plugins\org.eclipse.m2e.maven.runtime_3.9.700.20240602-2313\jars\httpcore-4.4.16.jar
2024-07-28 23:38:53,453 [Worker-11: Launching mavenrun-100dcc90-35e0-4034-bb6c-c0fac2c2f311] INFO  o.eclipse.m2e.core.internal.Bundles - 	Entry: C:\Users\alif8\.p2\pool\plugins\org.eclipse.m2e.maven.runtime_3.9.700.20240602-2313\jars\jansi-2.4.1.jar
2024-07-28 23:38:53,453 [Worker-11: Launching mavenrun-100dcc90-35e0-4034-bb6c-c0fac2c2f311] INFO  o.eclipse.m2e.core.internal.Bundles - 	Entry: C:\Users\alif8\.p2\pool\plugins\org.eclipse.m2e.maven.runtime_3.9.700.20240602-2313\jars\jcl-over-slf4j-1.7.36.jar
2024-07-28 23:38:53,453 [Worker-11: Launching mavenrun-100dcc90-35e0-4034-bb6c-c0fac2c2f311] INFO  o.eclipse.m2e.core.internal.Bundles - 	Entry: C:\Users\alif8\.p2\pool\plugins\org.eclipse.m2e.maven.runtime_3.9.700.20240602-2313\jars\maven-artifact-3.9.7.jar
2024-07-28 23:38:53,453 [Worker-11: Launching mavenrun-100dcc90-35e0-4034-bb6c-c0fac2c2f311] INFO  o.eclipse.m2e.core.internal.Bundles - 	Entry: C:\Users\alif8\.p2\pool\plugins\org.eclipse.m2e.maven.runtime_3.9.700.20240602-2313\jars\maven-builder-support-3.9.7.jar
2024-07-28 23:38:53,453 [Worker-11: Launching mavenrun-100dcc90-35e0-4034-bb6c-c0fac2c2f311] INFO  o.eclipse.m2e.core.internal.Bundles - 	Entry: C:\Users\alif8\.p2\pool\plugins\org.eclipse.m2e.maven.runtime_3.9.700.20240602-2313\jars\maven-compat-3.9.7.jar
2024-07-28 23:38:53,453 [Worker-11: Launching mavenrun-100dcc90-35e0-4034-bb6c-c0fac2c2f311] INFO  o.eclipse.m2e.core.internal.Bundles - 	Entry: C:\Users\alif8\.p2\pool\plugins\org.eclipse.m2e.maven.runtime_3.9.700.20240602-2313\jars\maven-core-3.9.7.jar
2024-07-28 23:38:53,455 [Worker-11: Launching mavenrun-100dcc90-35e0-4034-bb6c-c0fac2c2f311] INFO  o.eclipse.m2e.core.internal.Bundles - 	Entry: C:\Users\alif8\.p2\pool\plugins\org.eclipse.m2e.maven.runtime_3.9.700.20240602-2313\jars\maven-embedder-3.9.7.jar
2024-07-28 23:38:53,455 [Worker-11: Launching mavenrun-100dcc90-35e0-4034-bb6c-c0fac2c2f311] INFO  o.eclipse.m2e.core.internal.Bundles - 	Entry: C:\Users\alif8\.p2\pool\plugins\org.eclipse.m2e.maven.runtime_3.9.700.20240602-2313\jars\maven-model-3.9.7.jar
2024-07-28 23:38:53,455 [Worker-11: Launching mavenrun-100dcc90-35e0-4034-bb6c-c0fac2c2f311] INFO  o.eclipse.m2e.core.internal.Bundles - 	Entry: C:\Users\alif8\.p2\pool\plugins\org.eclipse.m2e.maven.runtime_3.9.700.20240602-2313\jars\maven-model-builder-3.9.7.jar
2024-07-28 23:38:53,455 [Worker-11: Launching mavenrun-100dcc90-35e0-4034-bb6c-c0fac2c2f311] INFO  o.eclipse.m2e.core.internal.Bundles - 	Entry: C:\Users\alif8\.p2\pool\plugins\org.eclipse.m2e.maven.runtime_3.9.700.20240602-2313\jars\maven-plugin-api-3.9.7.jar
2024-07-28 23:38:53,455 [Worker-11: Launching mavenrun-100dcc90-35e0-4034-bb6c-c0fac2c2f311] INFO  o.eclipse.m2e.core.internal.Bundles - 	Entry: C:\Users\alif8\.p2\pool\plugins\org.eclipse.m2e.maven.runtime_3.9.700.20240602-2313\jars\maven-repository-metadata-3.9.7.jar
2024-07-28 23:38:53,455 [Worker-11: Launching mavenrun-100dcc90-35e0-4034-bb6c-c0fac2c2f311] INFO  o.eclipse.m2e.core.internal.Bundles - 	Entry: C:\Users\alif8\.p2\pool\plugins\org.eclipse.m2e.maven.runtime_3.9.700.20240602-2313\jars\maven-resolver-api-1.9.20.jar
2024-07-28 23:38:53,455 [Worker-11: Launching mavenrun-100dcc90-35e0-4034-bb6c-c0fac2c2f311] INFO  o.eclipse.m2e.core.internal.Bundles - 	Entry: C:\Users\alif8\.p2\pool\plugins\org.eclipse.m2e.maven.runtime_3.9.700.20240602-2313\jars\maven-resolver-connector-basic-1.9.20.jar
2024-07-28 23:38:53,455 [Worker-11: Launching mavenrun-100dcc90-35e0-4034-bb6c-c0fac2c2f311] INFO  o.eclipse.m2e.core.internal.Bundles - 	Entry: C:\Users\alif8\.p2\pool\plugins\org.eclipse.m2e.maven.runtime_3.9.700.20240602-2313\jars\maven-resolver-impl-1.9.20.jar
2024-07-28 23:38:53,455 [Worker-11: Launching mavenrun-100dcc90-35e0-4034-bb6c-c0fac2c2f311] INFO  o.eclipse.m2e.core.internal.Bundles - 	Entry: C:\Users\alif8\.p2\pool\plugins\org.eclipse.m2e.maven.runtime_3.9.700.20240602-2313\jars\maven-resolver-named-locks-1.9.20.jar
2024-07-28 23:38:53,456 [Worker-11: Launching mavenrun-100dcc90-35e0-4034-bb6c-c0fac2c2f311] INFO  o.eclipse.m2e.core.internal.Bundles - 	Entry: C:\Users\alif8\.p2\pool\plugins\org.eclipse.m2e.maven.runtime_3.9.700.20240602-2313\jars\maven-resolver-provider-3.9.7.jar
2024-07-28 23:38:53,456 [Worker-11: Launching mavenrun-100dcc90-35e0-4034-bb6c-c0fac2c2f311] INFO  o.eclipse.m2e.core.internal.Bundles - 	Entry: C:\Users\alif8\.p2\pool\plugins\org.eclipse.m2e.maven.runtime_3.9.700.20240602-2313\jars\maven-resolver-spi-1.9.20.jar
2024-07-28 23:38:53,456 [Worker-11: Launching mavenrun-100dcc90-35e0-4034-bb6c-c0fac2c2f311] INFO  o.eclipse.m2e.core.internal.Bundles - 	Entry: C:\Users\alif8\.p2\pool\plugins\org.eclipse.m2e.maven.runtime_3.9.700.20240602-2313\jars\maven-resolver-transport-file-1.9.20.jar
2024-07-28 23:38:53,456 [Worker-11: Launching mavenrun-100dcc90-35e0-4034-bb6c-c0fac2c2f311] INFO  o.eclipse.m2e.core.internal.Bundles - 	Entry: C:\Users\alif8\.p2\pool\plugins\org.eclipse.m2e.maven.runtime_3.9.700.20240602-2313\jars\maven-resolver-transport-http-1.9.20.jar
2024-07-28 23:38:53,456 [Worker-11: Launching mavenrun-100dcc90-35e0-4034-bb6c-c0fac2c2f311] INFO  o.eclipse.m2e.core.internal.Bundles - 	Entry: C:\Users\alif8\.p2\pool\plugins\org.eclipse.m2e.maven.runtime_3.9.700.20240602-2313\jars\maven-resolver-transport-wagon-1.9.20.jar
2024-07-28 23:38:53,456 [Worker-11: Launching mavenrun-100dcc90-35e0-4034-bb6c-c0fac2c2f311] INFO  o.eclipse.m2e.core.internal.Bundles - 	Entry: C:\Users\alif8\.p2\pool\plugins\org.eclipse.m2e.maven.runtime_3.9.700.20240602-2313\jars\maven-resolver-util-1.9.20.jar
2024-07-28 23:38:53,456 [Worker-11: Launching mavenrun-100dcc90-35e0-4034-bb6c-c0fac2c2f311] INFO  o.eclipse.m2e.core.internal.Bundles - 	Entry: C:\Users\alif8\.p2\pool\plugins\org.eclipse.m2e.maven.runtime_3.9.700.20240602-2313\jars\maven-settings-3.9.7.jar
2024-07-28 23:38:53,456 [Worker-11: Launching mavenrun-100dcc90-35e0-4034-bb6c-c0fac2c2f311] INFO  o.eclipse.m2e.core.internal.Bundles - 	Entry: C:\Users\alif8\.p2\pool\plugins\org.eclipse.m2e.maven.runtime_3.9.700.20240602-2313\jars\maven-settings-builder-3.9.7.jar
2024-07-28 23:38:53,456 [Worker-11: Launching mavenrun-100dcc90-35e0-4034-bb6c-c0fac2c2f311] INFO  o.eclipse.m2e.core.internal.Bundles - 	Entry: C:\Users\alif8\.p2\pool\plugins\org.eclipse.m2e.maven.runtime_3.9.700.20240602-2313\jars\maven-shared-utils-3.4.2.jar
2024-07-28 23:38:53,456 [Worker-11: Launching mavenrun-100dcc90-35e0-4034-bb6c-c0fac2c2f311] INFO  o.eclipse.m2e.core.internal.Bundles - 	Entry: C:\Users\alif8\.p2\pool\plugins\org.eclipse.m2e.maven.runtime_3.9.700.20240602-2313\jars\org.eclipse.sisu.inject-0.9.0.M2.jar
2024-07-28 23:38:53,457 [Worker-11: Launching mavenrun-100dcc90-35e0-4034-bb6c-c0fac2c2f311] INFO  o.eclipse.m2e.core.internal.Bundles - 	Entry: C:\Users\alif8\.p2\pool\plugins\org.eclipse.m2e.maven.runtime_3.9.700.20240602-2313\jars\org.eclipse.sisu.plexus-0.9.0.M2.jar
2024-07-28 23:38:53,457 [Worker-11: Launching mavenrun-100dcc90-35e0-4034-bb6c-c0fac2c2f311] INFO  o.eclipse.m2e.core.internal.Bundles - 	Entry: C:\Users\alif8\.p2\pool\plugins\org.eclipse.m2e.maven.runtime_3.9.700.20240602-2313\jars\plexus-build-api-0.0.7.jar
2024-07-28 23:38:53,457 [Worker-11: Launching mavenrun-100dcc90-35e0-4034-bb6c-c0fac2c2f311] INFO  o.eclipse.m2e.core.internal.Bundles - 	Entry: C:\Users\alif8\.p2\pool\plugins\org.eclipse.m2e.maven.runtime_3.9.700.20240602-2313\jars\plexus-build-api-1.2.0.jar
2024-07-28 23:38:53,457 [Worker-11: Launching mavenrun-100dcc90-35e0-4034-bb6c-c0fac2c2f311] INFO  o.eclipse.m2e.core.internal.Bundles - 	Entry: C:\Users\alif8\.p2\pool\plugins\org.eclipse.m2e.maven.runtime_3.9.700.20240602-2313\jars\plexus-cipher-2.0.jar
2024-07-28 23:38:53,457 [Worker-11: Launching mavenrun-100dcc90-35e0-4034-bb6c-c0fac2c2f311] INFO  o.eclipse.m2e.core.internal.Bundles - 	Entry: C:\Users\alif8\.p2\pool\plugins\org.eclipse.m2e.maven.runtime_3.9.700.20240602-2313\jars\plexus-classworlds-2.8.0.jar
2024-07-28 23:38:53,457 [Worker-11: Launching mavenrun-100dcc90-35e0-4034-bb6c-c0fac2c2f311] INFO  o.eclipse.m2e.core.internal.Bundles - 	Entry: C:\Users\alif8\.p2\pool\plugins\org.eclipse.m2e.maven.runtime_3.9.700.20240602-2313\jars\plexus-component-annotations-2.1.0.jar
2024-07-28 23:38:53,457 [Worker-11: Launching mavenrun-100dcc90-35e0-4034-bb6c-c0fac2c2f311] INFO  o.eclipse.m2e.core.internal.Bundles - 	Entry: C:\Users\alif8\.p2\pool\plugins\org.eclipse.m2e.maven.runtime_3.9.700.20240602-2313\jars\plexus-interpolation-1.27.jar
2024-07-28 23:38:53,457 [Worker-11: Launching mavenrun-100dcc90-35e0-4034-bb6c-c0fac2c2f311] INFO  o.eclipse.m2e.core.internal.Bundles - 	Entry: C:\Users\alif8\.p2\pool\plugins\org.eclipse.m2e.maven.runtime_3.9.700.20240602-2313\jars\plexus-sec-dispatcher-2.0.jar
2024-07-28 23:38:53,458 [Worker-11: Launching mavenrun-100dcc90-35e0-4034-bb6c-c0fac2c2f311] INFO  o.eclipse.m2e.core.internal.Bundles - 	Entry: C:\Users\alif8\.p2\pool\plugins\org.eclipse.m2e.maven.runtime_3.9.700.20240602-2313\jars\plexus-utils-3.5.1.jar
2024-07-28 23:38:53,458 [Worker-11: Launching mavenrun-100dcc90-35e0-4034-bb6c-c0fac2c2f311] INFO  o.eclipse.m2e.core.internal.Bundles - 	Entry: C:\Users\alif8\.p2\pool\plugins\org.eclipse.m2e.maven.runtime_3.9.700.20240602-2313\jars\wagon-file-3.5.3.jar
2024-07-28 23:38:53,458 [Worker-11: Launching mavenrun-100dcc90-35e0-4034-bb6c-c0fac2c2f311] INFO  o.eclipse.m2e.core.internal.Bundles - 	Entry: C:\Users\alif8\.p2\pool\plugins\org.eclipse.m2e.maven.runtime_3.9.700.20240602-2313\jars\wagon-http-3.5.3.jar
2024-07-28 23:38:53,458 [Worker-11: Launching mavenrun-100dcc90-35e0-4034-bb6c-c0fac2c2f311] INFO  o.eclipse.m2e.core.internal.Bundles - 	Entry: C:\Users\alif8\.p2\pool\plugins\org.eclipse.m2e.maven.runtime_3.9.700.20240602-2313\jars\wagon-http-shared-3.5.3.jar
2024-07-28 23:38:53,458 [Worker-11: Launching mavenrun-100dcc90-35e0-4034-bb6c-c0fac2c2f311] INFO  o.eclipse.m2e.core.internal.Bundles - 	Entry: C:\Users\alif8\.p2\pool\plugins\org.eclipse.m2e.maven.runtime_3.9.700.20240602-2313\jars\wagon-provider-api-3.5.3.jar
2024-07-28 23:38:53,460 [Worker-11: Launching mavenrun-100dcc90-35e0-4034-bb6c-c0fac2c2f311] INFO  o.eclipse.m2e.core.internal.Bundles - getClasspathEntries(Bundle=com.google.guava_33.2.0.jre [10])
2024-07-28 23:38:53,460 [Worker-11: Launching mavenrun-100dcc90-35e0-4034-bb6c-c0fac2c2f311] INFO  o.eclipse.m2e.core.internal.Bundles - 	Entry: C:\Users\alif8\.p2\pool\plugins\com.google.guava_33.2.0.jre.jar
2024-07-28 23:38:53,461 [Worker-11: Launching mavenrun-100dcc90-35e0-4034-bb6c-c0fac2c2f311] INFO  o.eclipse.m2e.core.internal.Bundles - getClasspathEntries(Bundle=slf4j.api_2.0.13 [520])
2024-07-28 23:38:53,461 [Worker-11: Launching mavenrun-100dcc90-35e0-4034-bb6c-c0fac2c2f311] INFO  o.eclipse.m2e.core.internal.Bundles - 	Entry: C:\Users\alif8\.p2\pool\plugins\slf4j.api_2.0.13.jar
2024-07-28 23:38:53,461 [Worker-11: Launching mavenrun-100dcc90-35e0-4034-bb6c-c0fac2c2f311] INFO  o.eclipse.m2e.core.internal.Bundles - getClasspathEntries(Bundle=jakarta.inject.jakarta.inject-api_1.0.5 [21])
2024-07-28 23:38:53,461 [Worker-11: Launching mavenrun-100dcc90-35e0-4034-bb6c-c0fac2c2f311] INFO  o.eclipse.m2e.core.internal.Bundles - 	Entry: C:\Users\alif8\.p2\pool\plugins\jakarta.inject.jakarta.inject-api_1.0.5.jar
2024-07-28 23:38:53,461 [Worker-11: Launching mavenrun-100dcc90-35e0-4034-bb6c-c0fac2c2f311] INFO  o.eclipse.m2e.core.internal.Bundles - getClasspathEntries(Bundle=javax.annotation_1.3.5.v20200909-1856 [24])
2024-07-28 23:38:53,461 [Worker-11: Launching mavenrun-100dcc90-35e0-4034-bb6c-c0fac2c2f311] INFO  o.eclipse.m2e.core.internal.Bundles - 	Entry: C:\Users\alif8\.p2\pool\plugins\javax.annotation_1.3.5.v20200909-1856.jar
2024-07-28 23:38:53,462 [Worker-11: Launching mavenrun-100dcc90-35e0-4034-bb6c-c0fac2c2f311] INFO  o.eclipse.m2e.core.internal.Bundles - getClasspathEntries(Bundle=org.apache.commons.cli_1.8.0 [47])
2024-07-28 23:38:53,462 [Worker-11: Launching mavenrun-100dcc90-35e0-4034-bb6c-c0fac2c2f311] INFO  o.eclipse.m2e.core.internal.Bundles - 	Entry: C:\Users\alif8\.p2\pool\plugins\org.apache.commons.cli_1.8.0.jar
2024-07-28 23:38:53,462 [Worker-11: Launching mavenrun-100dcc90-35e0-4034-bb6c-c0fac2c2f311] INFO  o.eclipse.m2e.core.internal.Bundles - getClasspathEntries(Bundle=org.apache.commons.commons-codec_1.16.0 [48])
2024-07-28 23:38:53,462 [Worker-11: Launching mavenrun-100dcc90-35e0-4034-bb6c-c0fac2c2f311] INFO  o.eclipse.m2e.core.internal.Bundles - 	Entry: C:\Users\alif8\.p2\pool\plugins\org.apache.commons.commons-codec_1.16.0.jar
2024-07-28 23:38:53,462 [Worker-11: Launching mavenrun-100dcc90-35e0-4034-bb6c-c0fac2c2f311] INFO  o.eclipse.m2e.core.internal.Bundles - getClasspathEntries(Bundle=org.apache.commons.lang3_3.14.0 [54])
2024-07-28 23:38:53,463 [Worker-11: Launching mavenrun-100dcc90-35e0-4034-bb6c-c0fac2c2f311] INFO  o.eclipse.m2e.core.internal.Bundles - 	Entry: C:\Users\alif8\.p2\pool\plugins\org.apache.commons.lang3_3.14.0.jar
2024-07-28 23:38:53,463 [Worker-11: Launching mavenrun-100dcc90-35e0-4034-bb6c-c0fac2c2f311] INFO  o.eclipse.m2e.core.internal.Bundles - getClasspathEntries(Bundle=com.google.guava.failureaccess_1.0.2 [11])
2024-07-28 23:38:53,463 [Worker-11: Launching mavenrun-100dcc90-35e0-4034-bb6c-c0fac2c2f311] INFO  o.eclipse.m2e.core.internal.Bundles - 	Entry: C:\Users\alif8\.p2\pool\plugins\com.google.guava.failureaccess_1.0.2.jar
2024-07-28 23:38:53,472 [Worker-11: Launching mavenrun-100dcc90-35e0-4034-bb6c-c0fac2c2f311] INFO  o.e.m.i.launch.MavenLaunchDelegate - Run build in "C:\Users\alif8\AppData\Local\Temp\m2e-archetypeGenerator16131153802189087067":
2024-07-28 23:38:53,478 [Worker-11: Launching mavenrun-100dcc90-35e0-4034-bb6c-c0fac2c2f311] INFO  o.e.m.i.launch.MavenLaunchDelegate -  mvn  -D? -DarchetypeGroupId=am.ik.archetype -DarchetypeArtifactId=elm-spring-boot-blank-archetype -DarchetypeVersion=0.0.3 -DgroupId=alam -DartifactId=project -Dversion=0.0.1-SNAPSHOT -Dpackage=alam.project -DoutputDirectory="D:\DEVELOPMENT\JAVA BACKEND\HIBERNATE" -Dstyle.color=always -U archetype:generate
